<?xml version="1.0" encoding="UTF-8"?>
<coverage generated="1510095149210" clover="3.2.0">
  <project timestamp="1510095149210" name="All files">
    <metrics statements="10" coveredstatements="10" conditionals="0" coveredconditionals="0" methods="7" coveredmethods="7" elements="17" coveredelements="17" complexity="0" loc="10" ncloc="10" packages="1" files="1" classes="1">
      <file name="taskstore.js" path="/Users/evanfrawley/go/src/github.com/evanfrawley/info344-in-class/nodedb/taskstore.js">
        <metrics statements="10" coveredstatements="10" conditionals="0" coveredconditionals="0" methods="7" coveredmethods="7"/>
        <line num="3" count="1" type="stmt"/>
        <line num="7" count="1" type="stmt"/>
        <line num="11" count="1" type="stmt"/>
        <line num="12" count="1" type="stmt"/>
        <line num="16" count="1" type="stmt"/>
        <line num="17" count="1" type="stmt"/>
        <line num="21" count="1" type="stmt"/>
        <line num="25" count="2" type="stmt"/>
        <line num="29" count="1" type="stmt"/>
        <line num="39" count="1" type="stmt"/>
      </file>
    </metrics>
  </project>
</coverage>
