{"/Users/evanfrawley/go/src/github.com/evanfrawley/info344-in-class/nodedb/taskstore.js": {"path":"/Users/evanfrawley/go/src/github.com/evanfrawley/info344-in-class/nodedb/taskstore.js","statementMap":{"0":{"start":{"line":3,"column":16},"end":{"line":3,"column":34}},"1":{"start":{"line":7,"column":8},"end":{"line":7,"column":49}},"2":{"start":{"line":11,"column":8},"end":{"line":11,"column":42}},"3":{"start":{"line":12,"column":8},"end":{"line":12,"column":64}},"4":{"start":{"line":12,"column":58},"end":{"line":12,"column":62}},"5":{"start":{"line":16,"column":24},"end":{"line":16,"column":41}},"6":{"start":{"line":17,"column":8},"end":{"line":21,"column":41}},"7":{"start":{"line":21,"column":27},"end":{"line":21,"column":39}},"8":{"start":{"line":25,"column":8},"end":{"line":25,"column":50}},"9":{"start":{"line":29,"column":8},"end":{"line":29,"column":52}},"10":{"start":{"line":39,"column":0},"end":{"line":39,"column":28}}},"fnMap":{"0":{"name":"(anonymous_0)","decl":{"start":{"line":6,"column":4},"end":{"line":6,"column":5}},"loc":{"start":{"line":6,"column":29},"end":{"line":8,"column":5}},"line":6},"1":{"name":"(anonymous_1)","decl":{"start":{"line":10,"column":4},"end":{"line":10,"column":5}},"loc":{"start":{"line":10,"column":17},"end":{"line":13,"column":5}},"line":10},"2":{"name":"(anonymous_2)","decl":{"start":{"line":12,"column":52},"end":{"line":12,"column":53}},"loc":{"start":{"line":12,"column":58},"end":{"line":12,"column":62}},"line":12},"3":{"name":"(anonymous_3)","decl":{"start":{"line":15,"column":4},"end":{"line":15,"column":5}},"loc":{"start":{"line":15,"column":24},"end":{"line":22,"column":5}},"line":15},"4":{"name":"(anonymous_4)","decl":{"start":{"line":21,"column":15},"end":{"line":21,"column":16}},"loc":{"start":{"line":21,"column":27},"end":{"line":21,"column":39}},"line":21},"5":{"name":"(anonymous_5)","decl":{"start":{"line":24,"column":4},"end":{"line":24,"column":5}},"loc":{"start":{"line":24,"column":16},"end":{"line":26,"column":5}},"line":24},"6":{"name":"(anonymous_6)","decl":{"start":{"line":28,"column":4},"end":{"line":28,"column":5}},"loc":{"start":{"line":28,"column":19},"end":{"line":30,"column":5}},"line":28}},"branchMap":{},"s":{"0":1,"1":1,"2":1,"3":1,"4":1,"5":1,"6":1,"7":1,"8":2,"9":1,"10":1},"f":{"0":1,"1":1,"2":1,"3":1,"4":1,"5":2,"6":1},"b":{},"_coverageSchema":"332fd63041d2c1bcb487cc26dd0d5f7d97098a6c","hash":"92a36854ea94e97f16f4a1dea9042b24aaadee6e"}
}
